2024-06-19T09:16:36+00:00 ERROR Error getting data feed
2024-06-19T09:16:36+00:00 ERROR WP_Error Object
(
    [errors] => Array
        (
            [http_request_failed] => Array
                (
                    [0] => cURL error 28: Connection timed out after 5006 milliseconds
                )

        )

    [error_data] => Array
        (
        )

    [additional_data:protected] => Array
        (
        )

)

2024-06-19T09:16:41+00:00 ERROR Error getting data feed
2024-06-19T09:16:41+00:00 ERROR WP_Error Object
(
    [errors] => Array
        (
            [http_request_failed] => Array
                (
                    [0] => cURL error 28: Connection timed out after 5016 milliseconds
                )

        )

    [error_data] => Array
        (
        )

    [additional_data:protected] => Array
        (
        )

)

